<?xml version="1.0" encoding="UTF-8"?>
<testng-results skipped="0" failed="1" ignored="0" total="2" passed="1">
  <reporter-output>
  </reporter-output>
  <suite name="Suite" duration-ms="114702" started-at="2020-04-23T06:44:57Z" finished-at="2020-04-23T06:46:52Z">
    <groups>
    </groups>
    <test name="Test" duration-ms="114702" started-at="2020-04-23T06:44:57Z" finished-at="2020-04-23T06:46:52Z">
      <class name="testsuite.HomePageTest">
        <test-method status="PASS" signature="setup()[pri:0, instance:testsuite.HomePageTest@a10858]" name="setup" is-config="true" duration-ms="48731" started-at="2020-04-23T06:44:57Z" finished-at="2020-04-23T06:45:46Z">
          <reporter-output>
          </reporter-output>
        </test-method> <!-- setup -->
        <test-method status="PASS" signature="homePagetitletest()[pri:0, instance:testsuite.HomePageTest@a10858]" name="homePagetitletest" duration-ms="26543" started-at="2020-04-23T06:45:46Z" finished-at="2020-04-23T06:46:12Z">
          <reporter-output>
          </reporter-output>
        </test-method> <!-- homePagetitletest -->
        <test-method status="PASS" signature="trailing()[pri:0, instance:testsuite.HomePageTest@a10858]" name="trailing" is-config="true" duration-ms="1524" started-at="2020-04-23T06:46:14Z" finished-at="2020-04-23T06:46:15Z">
          <reporter-output>
          </reporter-output>
        </test-method> <!-- trailing -->
        <test-method status="PASS" signature="setup()[pri:0, instance:testsuite.HomePageTest@a10858]" name="setup" is-config="true" duration-ms="34798" started-at="2020-04-23T06:46:15Z" finished-at="2020-04-23T06:46:50Z">
          <reporter-output>
          </reporter-output>
        </test-method> <!-- setup -->
        <test-method status="FAIL" signature="ins()[pri:0, instance:testsuite.HomePageTest@a10858]" name="ins" duration-ms="3" started-at="2020-04-23T06:46:50Z" finished-at="2020-04-23T06:46:50Z">
          <exception class="java.lang.AssertionError">
            <message>
              <![CDATA[expected [true] but found [false]]]>
            </message>
            <full-stacktrace>
              <![CDATA[java.lang.AssertionError: expected [true] but found [false]
at org.testng.Assert.fail(Assert.java:96)
at org.testng.Assert.failNotEquals(Assert.java:776)
at org.testng.Assert.assertTrue(Assert.java:44)
at org.testng.Assert.assertTrue(Assert.java:54)
at testsuite.HomePageTest.ins(HomePageTest.java:41)
at sun.reflect.NativeMethodAccessorImpl.invoke0(Native Method)
at sun.reflect.NativeMethodAccessorImpl.invoke(Unknown Source)
at sun.reflect.DelegatingMethodAccessorImpl.invoke(Unknown Source)
at java.lang.reflect.Method.invoke(Unknown Source)
at org.testng.internal.MethodInvocationHelper.invokeMethod(MethodInvocationHelper.java:124)
at org.testng.internal.Invoker.invokeMethod(Invoker.java:583)
at org.testng.internal.Invoker.invokeTestMethod(Invoker.java:719)
at org.testng.internal.Invoker.invokeTestMethods(Invoker.java:989)
at org.testng.internal.TestMethodWorker.invokeTestMethods(TestMethodWorker.java:125)
at org.testng.internal.TestMethodWorker.run(TestMethodWorker.java:109)
at org.testng.TestRunner.privateRun(TestRunner.java:648)
at org.testng.TestRunner.run(TestRunner.java:505)
at org.testng.SuiteRunner.runTest(SuiteRunner.java:455)
at org.testng.SuiteRunner.runSequentially(SuiteRunner.java:450)
at org.testng.SuiteRunner.privateRun(SuiteRunner.java:415)
at org.testng.SuiteRunner.run(SuiteRunner.java:364)
at org.testng.SuiteRunnerWorker.runSuite(SuiteRunnerWorker.java:52)
at org.testng.SuiteRunnerWorker.run(SuiteRunnerWorker.java:84)
at org.testng.TestNG.runSuitesSequentially(TestNG.java:1208)
at org.testng.TestNG.runSuitesLocally(TestNG.java:1137)
at org.testng.TestNG.runSuites(TestNG.java:1049)
at org.testng.TestNG.run(TestNG.java:1017)
at org.testng.remote.AbstractRemoteTestNG.run(AbstractRemoteTestNG.java:114)
at org.testng.remote.RemoteTestNG.initAndRun(RemoteTestNG.java:251)
at org.testng.remote.RemoteTestNG.main(RemoteTestNG.java:77)
]]>
            </full-stacktrace>
          </exception> <!-- java.lang.AssertionError -->
          <reporter-output>
          </reporter-output>
        </test-method> <!-- ins -->
        <test-method status="PASS" signature="trailing()[pri:0, instance:testsuite.HomePageTest@a10858]" name="trailing" is-config="true" duration-ms="871" started-at="2020-04-23T06:46:51Z" finished-at="2020-04-23T06:46:52Z">
          <reporter-output>
          </reporter-output>
        </test-method> <!-- trailing -->
      </class> <!-- testsuite.HomePageTest -->
    </test> <!-- Test -->
  </suite> <!-- Suite -->
</testng-results>
